Started GET "/" for ::1 at 2021-05-06 14:51:29 +0700
  [1m[35m (7.6ms)[0m  [1m[34mSELECT "schema_migrations"."version" FROM "schema_migrations" ORDER BY "schema_migrations"."version" ASC[0m
Processing by Rails::WelcomeController#index as HTML
  Rendering /Users/mba0289p/.rvm/rubies/ruby-2.6.6/lib/ruby/gems/2.6.0/gems/railties-6.1.3.1/lib/rails/templates/rails/welcome/index.html.erb
  Rendered /Users/mba0289p/.rvm/rubies/ruby-2.6.6/lib/ruby/gems/2.6.0/gems/railties-6.1.3.1/lib/rails/templates/rails/welcome/index.html.erb (Duration: 12.5ms | Allocations: 482)
Completed 200 OK in 49ms (Views: 21.5ms | ActiveRecord: 0.0ms | Allocations: 4245)


Started GET "/api/v1/questions" for ::1 at 2021-05-06 15:09:07 +0700
  [1m[35m (2.4ms)[0m  [1m[34mSELECT "schema_migrations"."version" FROM "schema_migrations" ORDER BY "schema_migrations"."version" ASC[0m
Processing by Api::V1::QuestionsController#index as */*
  [1m[36mQuestion Load (0.5ms)[0m  [1m[34mSELECT "questions".* FROM "questions" ORDER BY "questions"."id" DESC LIMIT $1[0m  [["LIMIT", 1]]
  ↳ app/controllers/api/v1/questions_controller.rb:5:in `index'
  [1m[36mQuestion Load (0.5ms)[0m  [1m[34mSELECT "questions".* FROM "questions" WHERE (id IN (42,22,0,16,41,8,12,39,46,33,45,31,48,36,2,32,30,9,25,50,37,47,26,15,43))[0m
  ↳ app/controllers/api/v1/questions_controller.rb:8:in `index'
  [1m[36mAnswer Load (8.3ms)[0m  [1m[34mSELECT "answers".* FROM "answers" WHERE "answers"."question_id" IN ($1, $2, $3, $4, $5, $6, $7, $8, $9, $10, $11, $12, $13, $14, $15, $16, $17, $18, $19, $20, $21, $22, $23, $24)[0m  [[nil, 2], [nil, 8], [nil, 9], [nil, 12], [nil, 15], [nil, 16], [nil, 22], [nil, 25], [nil, 26], [nil, 30], [nil, 31], [nil, 32], [nil, 33], [nil, 36], [nil, 37], [nil, 39], [nil, 41], [nil, 42], [nil, 43], [nil, 45], [nil, 46], [nil, 47], [nil, 48], [nil, 50]]
  ↳ app/controllers/api/v1/questions_controller.rb:8:in `index'
[active_model_serializers] Rendered ActiveModel::Serializer::CollectionSerializer with ActiveModelSerializers::Adapter::Attributes (53.28ms)
Completed 200 OK in 361ms (Views: 157.5ms | ActiveRecord: 43.1ms | Allocations: 41977)


Started GET "/api/v1/questions" for ::1 at 2021-05-06 15:09:56 +0700
Processing by Api::V1::QuestionsController#index as */*
  [1m[36mQuestion Load (0.3ms)[0m  [1m[34mSELECT "questions".* FROM "questions" ORDER BY "questions"."id" DESC LIMIT $1[0m  [["LIMIT", 1]]
  ↳ app/controllers/api/v1/questions_controller.rb:5:in `index'
  [1m[36mQuestion Load (4.8ms)[0m  [1m[34mSELECT "questions".* FROM "questions" WHERE (id IN (23,15,29,46,37,44,47,7,24,33,40,34,8,16,6,50,3,28,18,12,26,22,43,0,27))[0m
  ↳ app/controllers/api/v1/questions_controller.rb:8:in `index'
  [1m[36mAnswer Load (0.9ms)[0m  [1m[34mSELECT "answers".* FROM "answers" WHERE "answers"."question_id" IN ($1, $2, $3, $4, $5, $6, $7, $8, $9, $10, $11, $12, $13, $14, $15, $16, $17, $18, $19, $20, $21, $22, $23, $24)[0m  [[nil, 3], [nil, 6], [nil, 7], [nil, 8], [nil, 12], [nil, 15], [nil, 16], [nil, 18], [nil, 22], [nil, 23], [nil, 24], [nil, 26], [nil, 27], [nil, 28], [nil, 29], [nil, 33], [nil, 34], [nil, 37], [nil, 40], [nil, 43], [nil, 44], [nil, 46], [nil, 47], [nil, 50]]
  ↳ app/controllers/api/v1/questions_controller.rb:8:in `index'
[active_model_serializers] Rendered ActiveModel::Serializer::CollectionSerializer with ActiveModelSerializers::Adapter::Attributes (20.34ms)
Completed 200 OK in 41ms (Views: 21.7ms | ActiveRecord: 6.0ms | Allocations: 19318)


Started GET "/api/v1/questions" for ::1 at 2021-05-06 15:13:59 +0700
Processing by Api::V1::QuestionsController#index as */*
  [1m[36mQuestion Load (0.4ms)[0m  [1m[34mSELECT "questions".* FROM "questions" ORDER BY "questions"."id" DESC LIMIT $1[0m  [["LIMIT", 1]]
  ↳ app/controllers/api/v1/questions_controller.rb:5:in `index'
  [1m[36mQuestion Load (0.8ms)[0m  [1m[34mSELECT "questions".* FROM "questions" WHERE (id IN (14,27,22,13,34,36,6,38,25,28,35,43,42,11,49,39,48,4,46,8,1,29,21,16,2))[0m
  ↳ app/controllers/api/v1/questions_controller.rb:8:in `index'
  [1m[36mAnswer Load (4.8ms)[0m  [1m[34mSELECT "answers".* FROM "answers" WHERE "answers"."question_id" IN ($1, $2, $3, $4, $5, $6, $7, $8, $9, $10, $11, $12, $13, $14, $15, $16, $17, $18, $19, $20, $21, $22, $23, $24, $25)[0m  [[nil, 1], [nil, 2], [nil, 4], [nil, 6], [nil, 8], [nil, 11], [nil, 13], [nil, 14], [nil, 16], [nil, 21], [nil, 22], [nil, 25], [nil, 27], [nil, 28], [nil, 29], [nil, 34], [nil, 35], [nil, 36], [nil, 38], [nil, 39], [nil, 42], [nil, 43], [nil, 46], [nil, 48], [nil, 49]]
  ↳ app/controllers/api/v1/questions_controller.rb:8:in `index'
[active_model_serializers] Rendered ActiveModel::Serializer::CollectionSerializer with ActiveModelSerializers::Adapter::Attributes (52.93ms)
Completed 200 OK in 84ms (Views: 56.3ms | ActiveRecord: 6.0ms | Allocations: 20039)


  [1m[36mUser Load (4.1ms)[0m  [1m[34mSELECT "users".* FROM "users" /* loading for inspect */ LIMIT $1[0m  [["LIMIT", 11]]
Started POST "/api/v1/users" for ::1 at 2021-05-06 15:40:54 +0700
  [1m[35m (8.1ms)[0m  [1m[34mSELECT "schema_migrations"."version" FROM "schema_migrations" ORDER BY "schema_migrations"."version" ASC[0m
Processing by Api::V1::UsersController#create as */*
  Parameters: {"user"=>{"name"=>"Hieu", "email"=>"hieu.nguyen2@monstar-lab.com", "password"=>"[FILTERED]", "password_confirmation"=>"[FILTERED]"}}
  [1m[36mTRANSACTION (0.2ms)[0m  [1m[35mBEGIN[0m
  ↳ app/controllers/api/v1/users_controller.rb:10:in `create'
  [1m[36mUser Exists? (0.6ms)[0m  [1m[34mSELECT 1 AS one FROM "users" WHERE "users"."email" = $1 LIMIT $2[0m  [["email", "hieu.nguyen2@monstar-lab.com"], ["LIMIT", 1]]
  ↳ app/controllers/api/v1/users_controller.rb:10:in `create'
  [1m[36mUser Create (7.7ms)[0m  [1m[32mINSERT INTO "users" ("name", "email", "password_digest", "created_at", "updated_at", "activation_digest") VALUES ($1, $2, $3, $4, $5, $6) RETURNING "id"[0m  [["name", "Hieu"], ["email", "hieu.nguyen2@monstar-lab.com"], ["password_digest", "$2a$12$TF3r67sCRbeCDCxBkYvIBeoI.1Vr94QpYj3xMxW0wVjYnfxKpF292"], ["created_at", "2021-05-06 08:40:55.265343"], ["updated_at", "2021-05-06 08:40:55.265343"], ["activation_digest", "$2a$12$ZYMZrEC1uVt7JDHsc2rKpuyXioKya4Uh5ZxIq3MBOgm1n6kEygY9i"]]
  ↳ app/controllers/api/v1/users_controller.rb:10:in `create'
  [1m[36mTRANSACTION (10.5ms)[0m  [1m[35mCOMMIT[0m
  ↳ app/controllers/api/v1/users_controller.rb:10:in `create'
  Rendering layout layouts/mailer.html.erb
  Rendering user_mailer/account_activation.html.erb within layouts/mailer
  Rendered user_mailer/account_activation.html.erb within layouts/mailer (Duration: 4.7ms | Allocations: 339)
  Rendered layout layouts/mailer.html.erb (Duration: 6.9ms | Allocations: 540)
UserMailer#account_activation: processed outbound mail in 38.0ms
Delivered mail 6093ab97677d7_6c483fda7e4f3808903ec@MBA0289P.local.mail (3329.0ms)
Date: Thu, 06 May 2021 15:40:55 +0700
From: from@example.com
To: hieu.nguyen2@monstar-lab.com
Message-ID: <6093ab97677d7_6c483fda7e4f3808903ec@MBA0289P.local.mail>
Subject: Account activation
Mime-Version: 1.0
Content-Type: text/html;
 charset=UTF-8
Content-Transfer-Encoding: 7bit

<!DOCTYPE html>
<html>
  <head>
    <meta http-equiv="Content-Type" content="text/html; charset=utf-8" />
    <style>
      /* Email styles need to be inline */
    </style>
  </head>

  <body>
    <p>Hi Hieu,</p>
<p>
Welcome to the Harry Conner ! Click on the link below to activate your
account:
<p>Your password : qkTmUG</p>
</p>
<button class="btn btn-success">
	Click this button for active your account
	<a href="http://localhost/api/v1/account_activations/jf6BkpLyrxZv9Rvczg8bHQ/edit?email=hieu.nguyen2%40monstar-lab.com">Activate</a>
</button>

  </body>
</html>

[active_model_serializers] Rendered ActiveModel::Serializer::Null with Hash (0.28ms)
Completed 200 OK in 4234ms (Views: 10.0ms | ActiveRecord: 23.0ms | Allocations: 31832)


Started GET "/api/v1/account_activations/jf6BkpLyrxZv9Rvczg8bHQ/edit?email=hieu.nguyen2%40monstar-lab.com" for ::1 at 2021-05-06 15:41:27 +0700
Processing by Api::V1::AccountActivationsController#edit as HTML
  Parameters: {"email"=>"hieu.nguyen2@monstar-lab.com", "id"=>"jf6BkpLyrxZv9Rvczg8bHQ"}
  [1m[36mUser Load (0.6ms)[0m  [1m[34mSELECT "users".* FROM "users" WHERE "users"."email" = $1 LIMIT $2[0m  [["email", "hieu.nguyen2@monstar-lab.com"], ["LIMIT", 1]]
  ↳ app/controllers/api/v1/account_activations_controller.rb:3:in `edit'
  [1m[36mTRANSACTION (0.2ms)[0m  [1m[35mBEGIN[0m
  ↳ app/models/user.rb:40:in `activate'
  [1m[36mUser Update (0.6ms)[0m  [1m[33mUPDATE "users" SET "updated_at" = $1, "activation_digest" = $2, "activated" = $3 WHERE "users"."id" = $4[0m  [["updated_at", "2021-05-06 08:41:28.005403"], ["activation_digest", "$2a$12$0J64s.ZA9jfx24WO5CIM6.H0ptZjq1XrGI/wDnuX3KPCBf1RI21R2"], ["activated", true], ["id", 1]]
  ↳ app/models/user.rb:40:in `activate'
  [1m[36mTRANSACTION (8.1ms)[0m  [1m[35mCOMMIT[0m
  ↳ app/models/user.rb:40:in `activate'
  [1m[36mTRANSACTION (6.4ms)[0m  [1m[35mBEGIN[0m
  ↳ app/models/user.rb:41:in `activate'
  [1m[36mUser Update (12.7ms)[0m  [1m[33mUPDATE "users" SET "activation_digest" = $1, "updated_at" = $2, "activated_at" = $3 WHERE "users"."id" = $4[0m  [["activation_digest", "$2a$12$RnbZaDTN4dSdlxbHtGMNO.yY9s83Uni5QSb6jzS4E1RMGQD0rdphG"], ["updated_at", "2021-05-06 08:41:28.432963"], ["activated_at", "2021-05-06 08:41:28.020003"], ["id", 1]]
  ↳ app/models/user.rb:41:in `activate'
  [1m[36mTRANSACTION (1.7ms)[0m  [1m[35mCOMMIT[0m
  ↳ app/models/user.rb:41:in `activate'
[active_model_serializers] Rendered ActiveModel::Serializer::Null with Hash (0.13ms)
Completed 200 OK in 1119ms (Views: 7.7ms | ActiveRecord: 30.8ms | Allocations: 4350)


Started POST "/api/v1/login" for ::1 at 2021-05-06 15:41:50 +0700
Processing by Api::V1::SessionsController#create as */*
  Parameters: {"user"=>{"email"=>"hieu.nguyen2@monstar-lab.com", "password"=>"[FILTERED]"}, "session"=>{"user"=>{"email"=>"hieu.nguyen2@monstar-lab.com", "password"=>"[FILTERED]"}}}
  [1m[36mUser Load (3.2ms)[0m  [1m[34mSELECT "users".* FROM "users" WHERE "users"."email" = $1 LIMIT $2[0m  [["email", "hieu.nguyen2@monstar-lab.com"], ["LIMIT", 1]]
  ↳ app/controllers/api/v1/sessions_controller.rb:16:in `load_user'
[active_model_serializers] Rendered ActiveModel::Serializer::Null with Hash (0.08ms)
Completed 200 OK in 428ms (Views: 0.6ms | ActiveRecord: 3.2ms | Allocations: 921)


  [1m[36mUser Load (1.0ms)[0m  [1m[34mSELECT "users".* FROM "users" /* loading for inspect */ LIMIT $1[0m  [["LIMIT", 11]]
Started POST "/api/v1/login" for ::1 at 2021-05-06 15:52:54 +0700
Processing by Api::V1::SessionsController#create as */*
  Parameters: {"user"=>{"email"=>"", "password"=>"[FILTERED]"}, "session"=>{"user"=>{"email"=>"", "password"=>"[FILTERED]"}}}
  [1m[36mUser Load (2.1ms)[0m  [1m[34mSELECT "users".* FROM "users" WHERE "users"."email" = $1 LIMIT $2[0m  [["email", ""], ["LIMIT", 1]]
  ↳ app/controllers/api/v1/sessions_controller.rb:16:in `load_user'
[active_model_serializers] Rendered ActiveModel::Serializer::Null with Integer (0.08ms)
Filter chain halted as :load_user rendered or redirected
Completed 404 Not Found in 145ms (Views: 1.4ms | ActiveRecord: 102.9ms | Allocations: 2983)


Started POST "/api/v1/login" for ::1 at 2021-05-06 15:54:30 +0700
Processing by Api::V1::SessionsController#create as */*
  Parameters: {"user"=>{"email"=>"hieu.nguyen2@monstar-lab.com", "password"=>"[FILTERED]"}, "session"=>{"user"=>{"email"=>"hieu.nguyen2@monstar-lab.com", "password"=>"[FILTERED]"}}}
  [1m[36mUser Load (0.5ms)[0m  [1m[34mSELECT "users".* FROM "users" WHERE "users"."email" = $1 LIMIT $2[0m  [["email", "hieu.nguyen2@monstar-lab.com"], ["LIMIT", 1]]
  ↳ app/controllers/api/v1/sessions_controller.rb:16:in `load_user'
[active_model_serializers] Rendered ActiveModel::Serializer::Null with Hash (0.12ms)
Completed 200 OK in 701ms (Views: 0.7ms | ActiveRecord: 0.5ms | Allocations: 816)


Started GET "/" for ::1 at 2021-05-06 15:55:40 +0700
Processing by Rails::WelcomeController#index as HTML
  Rendering /Users/mba0289p/.rvm/rubies/ruby-2.6.6/lib/ruby/gems/2.6.0/gems/railties-6.1.3.1/lib/rails/templates/rails/welcome/index.html.erb
  Rendered /Users/mba0289p/.rvm/rubies/ruby-2.6.6/lib/ruby/gems/2.6.0/gems/railties-6.1.3.1/lib/rails/templates/rails/welcome/index.html.erb (Duration: 11.4ms | Allocations: 190)
Completed 200 OK in 17ms (Views: 13.5ms | ActiveRecord: 0.0ms | Allocations: 902)


Started GET "/api/v1/questions" for ::1 at 2021-05-06 15:55:45 +0700
Processing by Api::V1::QuestionsController#index as */*
  [1m[36mQuestion Load (1.8ms)[0m  [1m[34mSELECT "questions".* FROM "questions" ORDER BY "questions"."id" DESC LIMIT $1[0m  [["LIMIT", 1]]
  ↳ app/controllers/api/v1/questions_controller.rb:5:in `index'
  [1m[36mQuestion Load (0.8ms)[0m  [1m[34mSELECT "questions".* FROM "questions" WHERE (id IN (32,17,18,42,48,7,50,24,46,1,14,21,19,39,35,33,2,36,5,16,31,11,15,41,10))[0m
  ↳ app/controllers/api/v1/questions_controller.rb:8:in `index'
  [1m[36mAnswer Load (2.8ms)[0m  [1m[34mSELECT "answers".* FROM "answers" WHERE "answers"."question_id" IN ($1, $2, $3, $4, $5, $6, $7, $8, $9, $10, $11, $12, $13, $14, $15, $16, $17, $18, $19, $20, $21, $22, $23, $24, $25)[0m  [[nil, 1], [nil, 2], [nil, 5], [nil, 7], [nil, 10], [nil, 11], [nil, 14], [nil, 15], [nil, 16], [nil, 17], [nil, 18], [nil, 19], [nil, 21], [nil, 24], [nil, 31], [nil, 32], [nil, 33], [nil, 35], [nil, 36], [nil, 39], [nil, 41], [nil, 42], [nil, 46], [nil, 48], [nil, 50]]
  ↳ app/controllers/api/v1/questions_controller.rb:8:in `index'
[active_model_serializers] Rendered ActiveModel::Serializer::CollectionSerializer with ActiveModelSerializers::Adapter::Attributes (55.01ms)
Completed 200 OK in 320ms (Views: 147.4ms | ActiveRecord: 39.1ms | Allocations: 33184)


Started POST "/api/v1/login" for ::1 at 2021-05-06 15:55:58 +0700
Processing by Api::V1::SessionsController#create as */*
  Parameters: {"user"=>{"email"=>"hieu.nguyen2@monstar-lab.com", "password"=>"[FILTERED]"}, "session"=>{"user"=>{"email"=>"hieu.nguyen2@monstar-lab.com", "password"=>"[FILTERED]"}}}
  [1m[36mUser Load (0.3ms)[0m  [1m[34mSELECT "users".* FROM "users" WHERE "users"."email" = $1 LIMIT $2[0m  [["email", "hieu.nguyen2@monstar-lab.com"], ["LIMIT", 1]]
  ↳ app/controllers/api/v1/sessions_controller.rb:16:in `load_user'
[active_model_serializers] Rendered ActiveModel::Serializer::Null with Hash (0.12ms)
Completed 200 OK in 279ms (Views: 0.7ms | ActiveRecord: 0.3ms | Allocations: 835)


Started GET "/api/v1/questions" for ::1 at 2021-05-06 15:55:59 +0700
Processing by Api::V1::QuestionsController#index as */*
  [1m[36mQuestion Load (1.1ms)[0m  [1m[34mSELECT "questions".* FROM "questions" ORDER BY "questions"."id" DESC LIMIT $1[0m  [["LIMIT", 1]]
  ↳ app/controllers/api/v1/questions_controller.rb:5:in `index'
  [1m[36mQuestion Load (0.9ms)[0m  [1m[34mSELECT "questions".* FROM "questions" WHERE (id IN (13,21,32,34,49,0,20,42,29,47,15,28,24,46,48,25,17,44,7,22,37,45,18,39,1))[0m
  ↳ app/controllers/api/v1/questions_controller.rb:8:in `index'
  [1m[36mAnswer Load (1.1ms)[0m  [1m[34mSELECT "answers".* FROM "answers" WHERE "answers"."question_id" IN ($1, $2, $3, $4, $5, $6, $7, $8, $9, $10, $11, $12, $13, $14, $15, $16, $17, $18, $19, $20, $21, $22, $23, $24)[0m  [[nil, 1], [nil, 7], [nil, 13], [nil, 15], [nil, 17], [nil, 18], [nil, 20], [nil, 21], [nil, 22], [nil, 24], [nil, 25], [nil, 28], [nil, 29], [nil, 32], [nil, 34], [nil, 37], [nil, 39], [nil, 42], [nil, 44], [nil, 45], [nil, 46], [nil, 47], [nil, 48], [nil, 49]]
  ↳ app/controllers/api/v1/questions_controller.rb:8:in `index'
[active_model_serializers] Rendered ActiveModel::Serializer::CollectionSerializer with ActiveModelSerializers::Adapter::Attributes (45.12ms)
Completed 200 OK in 116ms (Views: 46.6ms | ActiveRecord: 3.1ms | Allocations: 19296)


Started GET "/api/v1/questions" for ::1 at 2021-05-06 15:56:16 +0700
Processing by Api::V1::QuestionsController#index as */*
  [1m[36mQuestion Load (1.2ms)[0m  [1m[34mSELECT "questions".* FROM "questions" ORDER BY "questions"."id" DESC LIMIT $1[0m  [["LIMIT", 1]]
  ↳ app/controllers/api/v1/questions_controller.rb:5:in `index'
  [1m[36mQuestion Load (5.1ms)[0m  [1m[34mSELECT "questions".* FROM "questions" WHERE (id IN (21,36,8,32,40,27,10,38,46,15,22,49,26,43,9,37,29,25,5,30,18,33,2,35,23))[0m
  ↳ app/controllers/api/v1/questions_controller.rb:8:in `index'
  [1m[36mAnswer Load (6.4ms)[0m  [1m[34mSELECT "answers".* FROM "answers" WHERE "answers"."question_id" IN ($1, $2, $3, $4, $5, $6, $7, $8, $9, $10, $11, $12, $13, $14, $15, $16, $17, $18, $19, $20, $21, $22, $23, $24, $25)[0m  [[nil, 2], [nil, 5], [nil, 8], [nil, 9], [nil, 10], [nil, 15], [nil, 18], [nil, 21], [nil, 22], [nil, 23], [nil, 25], [nil, 26], [nil, 27], [nil, 29], [nil, 30], [nil, 32], [nil, 33], [nil, 35], [nil, 36], [nil, 37], [nil, 38], [nil, 40], [nil, 43], [nil, 46], [nil, 49]]
  ↳ app/controllers/api/v1/questions_controller.rb:8:in `index'
[active_model_serializers] Rendered ActiveModel::Serializer::CollectionSerializer with ActiveModelSerializers::Adapter::Attributes (25.63ms)
Completed 200 OK in 86ms (Views: 27.2ms | ActiveRecord: 12.8ms | Allocations: 20020)


Started GET "/api/v1/questions" for ::1 at 2021-05-06 15:57:39 +0700
Processing by Api::V1::QuestionsController#index as */*
  [1m[36mQuestion Load (0.4ms)[0m  [1m[34mSELECT "questions".* FROM "questions" ORDER BY "questions"."id" DESC LIMIT $1[0m  [["LIMIT", 1]]
  ↳ app/controllers/api/v1/questions_controller.rb:5:in `index'
  [1m[36mQuestion Load (1.1ms)[0m  [1m[34mSELECT "questions".* FROM "questions" WHERE (id IN (44,41,7,4,8,40,23,12,30,36,2,38,42,39,3,16,1,31,24,18,10,5,46,14,28))[0m
  ↳ app/controllers/api/v1/questions_controller.rb:8:in `index'
  [1m[36mAnswer Load (0.6ms)[0m  [1m[34mSELECT "answers".* FROM "answers" WHERE "answers"."question_id" IN ($1, $2, $3, $4, $5, $6, $7, $8, $9, $10, $11, $12, $13, $14, $15, $16, $17, $18, $19, $20, $21, $22, $23, $24, $25)[0m  [[nil, 1], [nil, 2], [nil, 3], [nil, 4], [nil, 5], [nil, 7], [nil, 8], [nil, 10], [nil, 12], [nil, 14], [nil, 16], [nil, 18], [nil, 23], [nil, 24], [nil, 28], [nil, 30], [nil, 31], [nil, 36], [nil, 38], [nil, 39], [nil, 40], [nil, 41], [nil, 42], [nil, 44], [nil, 46]]
  ↳ app/controllers/api/v1/questions_controller.rb:8:in `index'
[active_model_serializers] Rendered ActiveModel::Serializer::CollectionSerializer with ActiveModelSerializers::Adapter::Attributes (155.07ms)
Completed 200 OK in 178ms (Views: 157.1ms | ActiveRecord: 2.1ms | Allocations: 20028)


Started GET "/api/v1/questions" for ::1 at 2021-05-06 15:57:45 +0700
Processing by Api::V1::QuestionsController#index as */*
  [1m[36mQuestion Load (21.1ms)[0m  [1m[34mSELECT "questions".* FROM "questions" ORDER BY "questions"."id" DESC LIMIT $1[0m  [["LIMIT", 1]]
  ↳ app/controllers/api/v1/questions_controller.rb:5:in `index'
  [1m[36mQuestion Load (12.1ms)[0m  [1m[34mSELECT "questions".* FROM "questions" WHERE (id IN (49,44,45,38,9,16,47,11,29,28,1,24,43,31,15,8,50,17,42,27,7,36,39,13,5))[0m
  ↳ app/controllers/api/v1/questions_controller.rb:8:in `index'
  [1m[36mAnswer Load (45.0ms)[0m  [1m[34mSELECT "answers".* FROM "answers" WHERE "answers"."question_id" IN ($1, $2, $3, $4, $5, $6, $7, $8, $9, $10, $11, $12, $13, $14, $15, $16, $17, $18, $19, $20, $21, $22, $23, $24, $25)[0m  [[nil, 1], [nil, 5], [nil, 7], [nil, 8], [nil, 9], [nil, 11], [nil, 13], [nil, 15], [nil, 16], [nil, 17], [nil, 24], [nil, 27], [nil, 28], [nil, 29], [nil, 31], [nil, 36], [nil, 38], [nil, 39], [nil, 42], [nil, 43], [nil, 44], [nil, 45], [nil, 47], [nil, 49], [nil, 50]]
  ↳ app/controllers/api/v1/questions_controller.rb:8:in `index'
[active_model_serializers] Rendered ActiveModel::Serializer::CollectionSerializer with ActiveModelSerializers::Adapter::Attributes (46.61ms)
Completed 200 OK in 170ms (Views: 48.2ms | ActiveRecord: 78.3ms | Allocations: 20016)


Started POST "/api/v1/login" for ::1 at 2021-05-06 15:58:07 +0700
Processing by Api::V1::SessionsController#create as */*
  Parameters: {"user"=>{"email"=>"hieu.nguyen2@monstar-lab.com", "password"=>"[FILTERED]"}, "session"=>{"user"=>{"email"=>"hieu.nguyen2@monstar-lab.com", "password"=>"[FILTERED]"}}}
  [1m[36mUser Load (0.4ms)[0m  [1m[34mSELECT "users".* FROM "users" WHERE "users"."email" = $1 LIMIT $2[0m  [["email", "hieu.nguyen2@monstar-lab.com"], ["LIMIT", 1]]
  ↳ app/controllers/api/v1/sessions_controller.rb:16:in `load_user'
[active_model_serializers] Rendered ActiveModel::Serializer::Null with Hash (0.08ms)
Completed 200 OK in 284ms (Views: 0.5ms | ActiveRecord: 0.4ms | Allocations: 819)


Started GET "/api/v1/questions" for ::1 at 2021-05-06 15:58:07 +0700
Processing by Api::V1::QuestionsController#index as */*
  [1m[36mQuestion Load (0.6ms)[0m  [1m[34mSELECT "questions".* FROM "questions" ORDER BY "questions"."id" DESC LIMIT $1[0m  [["LIMIT", 1]]
  ↳ app/controllers/api/v1/questions_controller.rb:5:in `index'
  [1m[36mQuestion Load (3.6ms)[0m  [1m[34mSELECT "questions".* FROM "questions" WHERE (id IN (44,30,26,22,13,28,25,31,8,45,1,0,41,18,20,36,16,3,35,49,15,27,6,4,19))[0m
  ↳ app/controllers/api/v1/questions_controller.rb:8:in `index'
  [1m[36mAnswer Load (1.6ms)[0m  [1m[34mSELECT "answers".* FROM "answers" WHERE "answers"."question_id" IN ($1, $2, $3, $4, $5, $6, $7, $8, $9, $10, $11, $12, $13, $14, $15, $16, $17, $18, $19, $20, $21, $22, $23, $24)[0m  [[nil, 1], [nil, 3], [nil, 4], [nil, 6], [nil, 8], [nil, 13], [nil, 15], [nil, 16], [nil, 18], [nil, 19], [nil, 20], [nil, 22], [nil, 25], [nil, 26], [nil, 27], [nil, 28], [nil, 30], [nil, 31], [nil, 35], [nil, 36], [nil, 41], [nil, 44], [nil, 45], [nil, 49]]
  ↳ app/controllers/api/v1/questions_controller.rb:8:in `index'
[active_model_serializers] Rendered ActiveModel::Serializer::CollectionSerializer with ActiveModelSerializers::Adapter::Attributes (19.89ms)
Completed 200 OK in 40ms (Views: 21.0ms | ActiveRecord: 5.8ms | Allocations: 19298)


Started GET "/api/v1/questions" for ::1 at 2021-05-06 15:58:46 +0700
Processing by Api::V1::QuestionsController#index as */*
  [1m[36mQuestion Load (0.4ms)[0m  [1m[34mSELECT "questions".* FROM "questions" ORDER BY "questions"."id" DESC LIMIT $1[0m  [["LIMIT", 1]]
  ↳ app/controllers/api/v1/questions_controller.rb:5:in `index'
  [1m[36mQuestion Load (0.6ms)[0m  [1m[34mSELECT "questions".* FROM "questions" WHERE (id IN (27,44,25,32,45,49,9,26,41,36,22,23,0,17,15,10,31,1,24,30,12,8,33,29,47))[0m
  ↳ app/controllers/api/v1/questions_controller.rb:8:in `index'
  [1m[36mAnswer Load (1.4ms)[0m  [1m[34mSELECT "answers".* FROM "answers" WHERE "answers"."question_id" IN ($1, $2, $3, $4, $5, $6, $7, $8, $9, $10, $11, $12, $13, $14, $15, $16, $17, $18, $19, $20, $21, $22, $23, $24)[0m  [[nil, 1], [nil, 8], [nil, 9], [nil, 10], [nil, 12], [nil, 15], [nil, 17], [nil, 22], [nil, 23], [nil, 24], [nil, 25], [nil, 26], [nil, 27], [nil, 29], [nil, 30], [nil, 31], [nil, 32], [nil, 33], [nil, 36], [nil, 41], [nil, 44], [nil, 45], [nil, 47], [nil, 49]]
  ↳ app/controllers/api/v1/questions_controller.rb:8:in `index'
[active_model_serializers] Rendered ActiveModel::Serializer::CollectionSerializer with ActiveModelSerializers::Adapter::Attributes (83.73ms)
Completed 200 OK in 117ms (Views: 85.3ms | ActiveRecord: 2.4ms | Allocations: 19293)


Started GET "/api/v1/questions" for ::1 at 2021-05-06 15:59:13 +0700
Processing by Api::V1::QuestionsController#index as */*
  [1m[36mQuestion Load (0.5ms)[0m  [1m[34mSELECT "questions".* FROM "questions" ORDER BY "questions"."id" DESC LIMIT $1[0m  [["LIMIT", 1]]
  ↳ app/controllers/api/v1/questions_controller.rb:5:in `index'
  [1m[36mQuestion Load (2.6ms)[0m  [1m[34mSELECT "questions".* FROM "questions" WHERE (id IN (48,9,34,27,7,45,3,40,49,20,43,14,1,4,39,18,21,37,11,0,10,50,26,32,23))[0m
  ↳ app/controllers/api/v1/questions_controller.rb:8:in `index'
  [1m[36mAnswer Load (0.9ms)[0m  [1m[34mSELECT "answers".* FROM "answers" WHERE "answers"."question_id" IN ($1, $2, $3, $4, $5, $6, $7, $8, $9, $10, $11, $12, $13, $14, $15, $16, $17, $18, $19, $20, $21, $22, $23, $24)[0m  [[nil, 1], [nil, 3], [nil, 4], [nil, 7], [nil, 9], [nil, 10], [nil, 11], [nil, 14], [nil, 18], [nil, 20], [nil, 21], [nil, 23], [nil, 26], [nil, 27], [nil, 32], [nil, 34], [nil, 37], [nil, 39], [nil, 40], [nil, 43], [nil, 45], [nil, 48], [nil, 49], [nil, 50]]
  ↳ app/controllers/api/v1/questions_controller.rb:8:in `index'
[active_model_serializers] Rendered ActiveModel::Serializer::CollectionSerializer with ActiveModelSerializers::Adapter::Attributes (36.96ms)
Completed 200 OK in 74ms (Views: 38.0ms | ActiveRecord: 4.0ms | Allocations: 19293)


Started GET "/api/v1/questions" for ::1 at 2021-05-06 16:00:18 +0700
Processing by Api::V1::QuestionsController#index as */*
  [1m[36mQuestion Load (3.2ms)[0m  [1m[34mSELECT "questions".* FROM "questions" ORDER BY "questions"."id" DESC LIMIT $1[0m  [["LIMIT", 1]]
  ↳ app/controllers/api/v1/questions_controller.rb:5:in `index'
  [1m[36mQuestion Load (2.7ms)[0m  [1m[34mSELECT "questions".* FROM "questions" WHERE (id IN (7,47,19,2,8,20,13,44,35,41,30,28,48,32,49,25,31,10,38,11,3,42,43,5,18))[0m
  ↳ app/controllers/api/v1/questions_controller.rb:8:in `index'
  [1m[36mAnswer Load (8.8ms)[0m  [1m[34mSELECT "answers".* FROM "answers" WHERE "answers"."question_id" IN ($1, $2, $3, $4, $5, $6, $7, $8, $9, $10, $11, $12, $13, $14, $15, $16, $17, $18, $19, $20, $21, $22, $23, $24, $25)[0m  [[nil, 2], [nil, 3], [nil, 5], [nil, 7], [nil, 8], [nil, 10], [nil, 11], [nil, 13], [nil, 18], [nil, 19], [nil, 20], [nil, 25], [nil, 28], [nil, 30], [nil, 31], [nil, 32], [nil, 35], [nil, 38], [nil, 41], [nil, 42], [nil, 43], [nil, 44], [nil, 47], [nil, 48], [nil, 49]]
  ↳ app/controllers/api/v1/questions_controller.rb:8:in `index'
[active_model_serializers] Rendered ActiveModel::Serializer::CollectionSerializer with ActiveModelSerializers::Adapter::Attributes (43.6ms)
Completed 200 OK in 104ms (Views: 45.0ms | ActiveRecord: 14.7ms | Allocations: 20015)


Started GET "/api/v1/questions" for ::1 at 2021-05-06 16:00:46 +0700
Processing by Api::V1::QuestionsController#index as */*
  [1m[36mQuestion Load (3.3ms)[0m  [1m[34mSELECT "questions".* FROM "questions" ORDER BY "questions"."id" DESC LIMIT $1[0m  [["LIMIT", 1]]
  ↳ app/controllers/api/v1/questions_controller.rb:5:in `index'
  [1m[36mQuestion Load (1.0ms)[0m  [1m[34mSELECT "questions".* FROM "questions" WHERE (id IN (19,16,49,43,47,28,23,26,9,34,36,39,17,8,0,5,35,15,38,33,30,22,13,41,25))[0m
  ↳ app/controllers/api/v1/questions_controller.rb:8:in `index'
  [1m[36mAnswer Load (1.7ms)[0m  [1m[34mSELECT "answers".* FROM "answers" WHERE "answers"."question_id" IN ($1, $2, $3, $4, $5, $6, $7, $8, $9, $10, $11, $12, $13, $14, $15, $16, $17, $18, $19, $20, $21, $22, $23, $24)[0m  [[nil, 5], [nil, 8], [nil, 9], [nil, 13], [nil, 15], [nil, 16], [nil, 17], [nil, 19], [nil, 22], [nil, 23], [nil, 25], [nil, 26], [nil, 28], [nil, 30], [nil, 33], [nil, 34], [nil, 35], [nil, 36], [nil, 38], [nil, 39], [nil, 41], [nil, 43], [nil, 47], [nil, 49]]
  ↳ app/controllers/api/v1/questions_controller.rb:8:in `index'
[active_model_serializers] Rendered ActiveModel::Serializer::CollectionSerializer with ActiveModelSerializers::Adapter::Attributes (84.29ms)
Completed 200 OK in 139ms (Views: 85.9ms | ActiveRecord: 6.0ms | Allocations: 19293)


Started GET "/api/v1/questions" for ::1 at 2021-05-06 16:00:59 +0700
Processing by Api::V1::QuestionsController#index as */*
  [1m[36mQuestion Load (1.0ms)[0m  [1m[34mSELECT "questions".* FROM "questions" ORDER BY "questions"."id" DESC LIMIT $1[0m  [["LIMIT", 1]]
  ↳ app/controllers/api/v1/questions_controller.rb:5:in `index'
  [1m[36mQuestion Load (4.3ms)[0m  [1m[34mSELECT "questions".* FROM "questions" WHERE (id IN (25,19,31,42,49,32,33,9,46,2,30,3,44,48,20,8,13,10,41,12,35,17,39,5,24))[0m
  ↳ app/controllers/api/v1/questions_controller.rb:8:in `index'
  [1m[36mAnswer Load (34.8ms)[0m  [1m[34mSELECT "answers".* FROM "answers" WHERE "answers"."question_id" IN ($1, $2, $3, $4, $5, $6, $7, $8, $9, $10, $11, $12, $13, $14, $15, $16, $17, $18, $19, $20, $21, $22, $23, $24, $25)[0m  [[nil, 2], [nil, 3], [nil, 5], [nil, 8], [nil, 9], [nil, 10], [nil, 12], [nil, 13], [nil, 17], [nil, 19], [nil, 20], [nil, 24], [nil, 25], [nil, 30], [nil, 31], [nil, 32], [nil, 33], [nil, 35], [nil, 39], [nil, 41], [nil, 42], [nil, 44], [nil, 46], [nil, 48], [nil, 49]]
  ↳ app/controllers/api/v1/questions_controller.rb:8:in `index'
[active_model_serializers] Rendered ActiveModel::Serializer::CollectionSerializer with ActiveModelSerializers::Adapter::Attributes (44.26ms)
Completed 200 OK in 104ms (Views: 45.5ms | ActiveRecord: 40.2ms | Allocations: 20015)


Started GET "/" for ::1 at 2021-05-06 16:01:10 +0700
Processing by Rails::WelcomeController#index as HTML
  Rendering /Users/mba0289p/.rvm/rubies/ruby-2.6.6/lib/ruby/gems/2.6.0/gems/railties-6.1.3.1/lib/rails/templates/rails/welcome/index.html.erb
  Rendered /Users/mba0289p/.rvm/rubies/ruby-2.6.6/lib/ruby/gems/2.6.0/gems/railties-6.1.3.1/lib/rails/templates/rails/welcome/index.html.erb (Duration: 32.2ms | Allocations: 190)
Completed 200 OK in 39ms (Views: 34.6ms | ActiveRecord: 0.0ms | Allocations: 776)


Started GET "/api/v1/questions" for ::1 at 2021-05-06 16:01:56 +0700
Processing by Api::V1::QuestionsController#index as */*
  [1m[36mQuestion Load (0.3ms)[0m  [1m[34mSELECT "questions".* FROM "questions" ORDER BY "questions"."id" DESC LIMIT $1[0m  [["LIMIT", 1]]
  ↳ app/controllers/api/v1/questions_controller.rb:5:in `index'
  [1m[36mQuestion Load (2.4ms)[0m  [1m[34mSELECT "questions".* FROM "questions" WHERE (id IN (20,15,8,3,17,50,9,24,23,5,16,34,35,28,45,44,47,43,26,32,21,7,19,25,18))[0m
  ↳ app/controllers/api/v1/questions_controller.rb:8:in `index'
  [1m[36mAnswer Load (0.6ms)[0m  [1m[34mSELECT "answers".* FROM "answers" WHERE "answers"."question_id" IN ($1, $2, $3, $4, $5, $6, $7, $8, $9, $10, $11, $12, $13, $14, $15, $16, $17, $18, $19, $20, $21, $22, $23, $24, $25)[0m  [[nil, 3], [nil, 5], [nil, 7], [nil, 8], [nil, 9], [nil, 15], [nil, 16], [nil, 17], [nil, 18], [nil, 19], [nil, 20], [nil, 21], [nil, 23], [nil, 24], [nil, 25], [nil, 26], [nil, 28], [nil, 32], [nil, 34], [nil, 35], [nil, 43], [nil, 44], [nil, 45], [nil, 47], [nil, 50]]
  ↳ app/controllers/api/v1/questions_controller.rb:8:in `index'
[active_model_serializers] Rendered ActiveModel::Serializer::CollectionSerializer with ActiveModelSerializers::Adapter::Attributes (27.48ms)
Completed 200 OK in 51ms (Views: 29.1ms | ActiveRecord: 3.3ms | Allocations: 20015)


Started GET "/api/v1/questions" for ::1 at 2021-05-06 16:05:57 +0700
Processing by Api::V1::QuestionsController#index as */*
  [1m[36mQuestion Load (0.4ms)[0m  [1m[34mSELECT "questions".* FROM "questions" ORDER BY "questions"."id" DESC LIMIT $1[0m  [["LIMIT", 1]]
  ↳ app/controllers/api/v1/questions_controller.rb:5:in `index'
  [1m[36mQuestion Load (34.2ms)[0m  [1m[34mSELECT "questions".* FROM "questions" WHERE (id IN (31,37,6,4,35,12,38,40,10,7,33,36,9,49,43,50,47,39,22,11,3,27,24,15,8))[0m
  ↳ app/controllers/api/v1/questions_controller.rb:8:in `index'
  [1m[36mAnswer Load (1.5ms)[0m  [1m[34mSELECT "answers".* FROM "answers" WHERE "answers"."question_id" IN ($1, $2, $3, $4, $5, $6, $7, $8, $9, $10, $11, $12, $13, $14, $15, $16, $17, $18, $19, $20, $21, $22, $23, $24, $25)[0m  [[nil, 3], [nil, 4], [nil, 6], [nil, 7], [nil, 8], [nil, 9], [nil, 10], [nil, 11], [nil, 12], [nil, 15], [nil, 22], [nil, 24], [nil, 27], [nil, 31], [nil, 33], [nil, 35], [nil, 36], [nil, 37], [nil, 38], [nil, 39], [nil, 40], [nil, 43], [nil, 47], [nil, 49], [nil, 50]]
  ↳ app/controllers/api/v1/questions_controller.rb:8:in `index'
[active_model_serializers] Rendered ActiveModel::Serializer::CollectionSerializer with ActiveModelSerializers::Adapter::Attributes (31.64ms)
Completed 200 OK in 96ms (Views: 32.9ms | ActiveRecord: 36.1ms | Allocations: 20015)


Started GET "/api/v1/questions" for ::1 at 2021-05-06 16:06:04 +0700
Processing by Api::V1::QuestionsController#index as */*
  [1m[36mQuestion Load (1.2ms)[0m  [1m[34mSELECT "questions".* FROM "questions" ORDER BY "questions"."id" DESC LIMIT $1[0m  [["LIMIT", 1]]
  ↳ app/controllers/api/v1/questions_controller.rb:5:in `index'
  [1m[36mQuestion Load (138.8ms)[0m  [1m[34mSELECT "questions".* FROM "questions" WHERE (id IN (27,43,42,0,45,13,24,15,3,10,37,29,18,16,38,34,4,47,7,20,9,26,2,17,22))[0m
  ↳ app/controllers/api/v1/questions_controller.rb:8:in `index'
  [1m[36mAnswer Load (3.2ms)[0m  [1m[34mSELECT "answers".* FROM "answers" WHERE "answers"."question_id" IN ($1, $2, $3, $4, $5, $6, $7, $8, $9, $10, $11, $12, $13, $14, $15, $16, $17, $18, $19, $20, $21, $22, $23, $24)[0m  [[nil, 2], [nil, 3], [nil, 4], [nil, 7], [nil, 9], [nil, 10], [nil, 13], [nil, 15], [nil, 16], [nil, 17], [nil, 18], [nil, 20], [nil, 22], [nil, 24], [nil, 26], [nil, 27], [nil, 29], [nil, 34], [nil, 37], [nil, 38], [nil, 42], [nil, 43], [nil, 45], [nil, 47]]
  ↳ app/controllers/api/v1/questions_controller.rb:8:in `index'
[active_model_serializers] Rendered ActiveModel::Serializer::CollectionSerializer with ActiveModelSerializers::Adapter::Attributes (40.2ms)
Completed 200 OK in 248ms (Views: 42.2ms | ActiveRecord: 143.2ms | Allocations: 19293)


Started POST "/api/v1/login" for ::1 at 2021-05-06 16:06:15 +0700
Processing by Api::V1::SessionsController#create as */*
  Parameters: {"user"=>{"email"=>"hieu.nguyen2@monstar-lab.com", "password"=>"[FILTERED]"}, "session"=>{"user"=>{"email"=>"hieu.nguyen2@monstar-lab.com", "password"=>"[FILTERED]"}}}
  [1m[36mUser Load (0.3ms)[0m  [1m[34mSELECT "users".* FROM "users" WHERE "users"."email" = $1 LIMIT $2[0m  [["email", "hieu.nguyen2@monstar-lab.com"], ["LIMIT", 1]]
  ↳ app/controllers/api/v1/sessions_controller.rb:16:in `load_user'
[active_model_serializers] Rendered ActiveModel::Serializer::Null with Hash (0.08ms)
Completed 200 OK in 275ms (Views: 0.6ms | ActiveRecord: 0.3ms | Allocations: 817)


Started GET "/api/v1/questions" for ::1 at 2021-05-06 16:06:15 +0700
Processing by Api::V1::QuestionsController#index as */*
  [1m[36mQuestion Load (0.3ms)[0m  [1m[34mSELECT "questions".* FROM "questions" ORDER BY "questions"."id" DESC LIMIT $1[0m  [["LIMIT", 1]]
  ↳ app/controllers/api/v1/questions_controller.rb:5:in `index'
  [1m[36mQuestion Load (0.6ms)[0m  [1m[34mSELECT "questions".* FROM "questions" WHERE (id IN (13,10,39,6,5,33,17,23,16,8,41,46,38,19,4,24,7,34,32,45,21,20,2,1,15))[0m
  ↳ app/controllers/api/v1/questions_controller.rb:8:in `index'
  [1m[36mAnswer Load (0.8ms)[0m  [1m[34mSELECT "answers".* FROM "answers" WHERE "answers"."question_id" IN ($1, $2, $3, $4, $5, $6, $7, $8, $9, $10, $11, $12, $13, $14, $15, $16, $17, $18, $19, $20, $21, $22, $23, $24, $25)[0m  [[nil, 1], [nil, 2], [nil, 4], [nil, 5], [nil, 6], [nil, 7], [nil, 8], [nil, 10], [nil, 13], [nil, 15], [nil, 16], [nil, 17], [nil, 19], [nil, 20], [nil, 21], [nil, 23], [nil, 24], [nil, 32], [nil, 33], [nil, 34], [nil, 38], [nil, 39], [nil, 41], [nil, 45], [nil, 46]]
  ↳ app/controllers/api/v1/questions_controller.rb:8:in `index'
[active_model_serializers] Rendered ActiveModel::Serializer::CollectionSerializer with ActiveModelSerializers::Adapter::Attributes (35.32ms)
Completed 200 OK in 66ms (Views: 36.4ms | ActiveRecord: 1.6ms | Allocations: 20015)


Started GET "/api/v1/questions" for ::1 at 2021-05-06 16:06:21 +0700
Processing by Api::V1::QuestionsController#index as */*
  [1m[36mQuestion Load (1.4ms)[0m  [1m[34mSELECT "questions".* FROM "questions" ORDER BY "questions"."id" DESC LIMIT $1[0m  [["LIMIT", 1]]
  ↳ app/controllers/api/v1/questions_controller.rb:5:in `index'
  [1m[36mQuestion Load (0.7ms)[0m  [1m[34mSELECT "questions".* FROM "questions" WHERE (id IN (23,47,9,36,38,50,11,32,25,37,1,49,3,43,45,35,17,44,24,34,15,31,6,27,42))[0m
  ↳ app/controllers/api/v1/questions_controller.rb:8:in `index'
  [1m[36mAnswer Load (0.9ms)[0m  [1m[34mSELECT "answers".* FROM "answers" WHERE "answers"."question_id" IN ($1, $2, $3, $4, $5, $6, $7, $8, $9, $10, $11, $12, $13, $14, $15, $16, $17, $18, $19, $20, $21, $22, $23, $24, $25)[0m  [[nil, 1], [nil, 3], [nil, 6], [nil, 9], [nil, 11], [nil, 15], [nil, 17], [nil, 23], [nil, 24], [nil, 25], [nil, 27], [nil, 31], [nil, 32], [nil, 34], [nil, 35], [nil, 36], [nil, 37], [nil, 38], [nil, 42], [nil, 43], [nil, 44], [nil, 45], [nil, 47], [nil, 49], [nil, 50]]
  ↳ app/controllers/api/v1/questions_controller.rb:8:in `index'
[active_model_serializers] Rendered ActiveModel::Serializer::CollectionSerializer with ActiveModelSerializers::Adapter::Attributes (61.01ms)
Completed 200 OK in 98ms (Views: 63.6ms | ActiveRecord: 2.9ms | Allocations: 20016)


Started GET "/api/v1/questions" for ::1 at 2021-05-06 16:06:25 +0700
Processing by Api::V1::QuestionsController#index as */*
  [1m[36mQuestion Load (0.5ms)[0m  [1m[34mSELECT "questions".* FROM "questions" ORDER BY "questions"."id" DESC LIMIT $1[0m  [["LIMIT", 1]]
  ↳ app/controllers/api/v1/questions_controller.rb:5:in `index'
  [1m[36mQuestion Load (0.6ms)[0m  [1m[34mSELECT "questions".* FROM "questions" WHERE (id IN (33,5,28,31,15,20,10,35,11,38,16,42,45,14,29,40,6,39,1,49,2,17,34,3,48))[0m
  ↳ app/controllers/api/v1/questions_controller.rb:8:in `index'
  [1m[36mAnswer Load (1.6ms)[0m  [1m[34mSELECT "answers".* FROM "answers" WHERE "answers"."question_id" IN ($1, $2, $3, $4, $5, $6, $7, $8, $9, $10, $11, $12, $13, $14, $15, $16, $17, $18, $19, $20, $21, $22, $23, $24, $25)[0m  [[nil, 1], [nil, 2], [nil, 3], [nil, 5], [nil, 6], [nil, 10], [nil, 11], [nil, 14], [nil, 15], [nil, 16], [nil, 17], [nil, 20], [nil, 28], [nil, 29], [nil, 31], [nil, 33], [nil, 34], [nil, 35], [nil, 38], [nil, 39], [nil, 40], [nil, 42], [nil, 45], [nil, 48], [nil, 49]]
  ↳ app/controllers/api/v1/questions_controller.rb:8:in `index'
[active_model_serializers] Rendered ActiveModel::Serializer::CollectionSerializer with ActiveModelSerializers::Adapter::Attributes (45.14ms)
Completed 200 OK in 73ms (Views: 47.6ms | ActiveRecord: 2.6ms | Allocations: 20015)


  [1m[36mUser Load (0.6ms)[0m  [1m[34mSELECT "users".* FROM "users" ORDER BY "users"."id" ASC LIMIT $1[0m  [["LIMIT", 1]]
Started GET "/api/v1/questions" for ::1 at 2021-05-06 16:08:08 +0700
Processing by Api::V1::QuestionsController#index as */*
  [1m[36mQuestion Load (0.3ms)[0m  [1m[34mSELECT "questions".* FROM "questions" ORDER BY "questions"."id" DESC LIMIT $1[0m  [["LIMIT", 1]]
  ↳ app/controllers/api/v1/questions_controller.rb:5:in `index'
  [1m[36mQuestion Load (0.5ms)[0m  [1m[34mSELECT "questions".* FROM "questions" WHERE (id IN (29,7,33,19,1,27,46,30,50,23,10,4,39,17,34,47,32,31,28,48,8,18,0,13,12))[0m
  ↳ app/controllers/api/v1/questions_controller.rb:8:in `index'
  [1m[36mAnswer Load (0.6ms)[0m  [1m[34mSELECT "answers".* FROM "answers" WHERE "answers"."question_id" IN ($1, $2, $3, $4, $5, $6, $7, $8, $9, $10, $11, $12, $13, $14, $15, $16, $17, $18, $19, $20, $21, $22, $23, $24)[0m  [[nil, 1], [nil, 4], [nil, 7], [nil, 8], [nil, 10], [nil, 12], [nil, 13], [nil, 17], [nil, 18], [nil, 19], [nil, 23], [nil, 27], [nil, 28], [nil, 29], [nil, 30], [nil, 31], [nil, 32], [nil, 33], [nil, 34], [nil, 39], [nil, 46], [nil, 47], [nil, 48], [nil, 50]]
  ↳ app/controllers/api/v1/questions_controller.rb:8:in `index'
[active_model_serializers] Rendered ActiveModel::Serializer::CollectionSerializer with ActiveModelSerializers::Adapter::Attributes (25.52ms)
Completed 200 OK in 71ms (Views: 29.9ms | ActiveRecord: 9.7ms | Allocations: 27812)


Started GET "/api/v1/questions" for ::1 at 2021-05-06 16:08:13 +0700
Processing by Api::V1::QuestionsController#index as */*
  [1m[36mQuestion Load (5.9ms)[0m  [1m[34mSELECT "questions".* FROM "questions" ORDER BY "questions"."id" DESC LIMIT $1[0m  [["LIMIT", 1]]
  ↳ app/controllers/api/v1/questions_controller.rb:5:in `index'
  [1m[36mQuestion Load (1.4ms)[0m  [1m[34mSELECT "questions".* FROM "questions" WHERE (id IN (47,2,36,8,25,7,41,30,11,17,26,3,24,45,9,35,38,37,23,48,40,19,49,29,33))[0m
  ↳ app/controllers/api/v1/questions_controller.rb:8:in `index'
  [1m[36mAnswer Load (1.5ms)[0m  [1m[34mSELECT "answers".* FROM "answers" WHERE "answers"."question_id" IN ($1, $2, $3, $4, $5, $6, $7, $8, $9, $10, $11, $12, $13, $14, $15, $16, $17, $18, $19, $20, $21, $22, $23, $24, $25)[0m  [[nil, 2], [nil, 3], [nil, 7], [nil, 8], [nil, 9], [nil, 11], [nil, 17], [nil, 19], [nil, 23], [nil, 24], [nil, 25], [nil, 26], [nil, 29], [nil, 30], [nil, 33], [nil, 35], [nil, 36], [nil, 37], [nil, 38], [nil, 40], [nil, 41], [nil, 45], [nil, 47], [nil, 48], [nil, 49]]
  ↳ app/controllers/api/v1/questions_controller.rb:8:in `index'
[active_model_serializers] Rendered ActiveModel::Serializer::CollectionSerializer with ActiveModelSerializers::Adapter::Attributes (97.65ms)
Completed 200 OK in 194ms (Views: 109.1ms | ActiveRecord: 8.8ms | Allocations: 20015)


Started POST "/api/v1/login" for ::1 at 2021-05-06 16:08:18 +0700
Processing by Api::V1::SessionsController#create as */*
  Parameters: {"user"=>{"email"=>"hieu.nguyen2@monstar-lab.com", "password"=>"[FILTERED]"}, "session"=>{"user"=>{"email"=>"hieu.nguyen2@monstar-lab.com", "password"=>"[FILTERED]"}}}
  [1m[36mUser Load (0.3ms)[0m  [1m[34mSELECT "users".* FROM "users" WHERE "users"."email" = $1 LIMIT $2[0m  [["email", "hieu.nguyen2@monstar-lab.com"], ["LIMIT", 1]]
  ↳ app/controllers/api/v1/sessions_controller.rb:16:in `load_user'
[active_model_serializers] Rendered ActiveModel::Serializer::Null with Hash (0.07ms)
Completed 200 OK in 336ms (Views: 0.7ms | ActiveRecord: 6.9ms | Allocations: 6269)


Started GET "/api/v1/questions" for ::1 at 2021-05-06 16:08:19 +0700
Processing by Api::V1::QuestionsController#index as */*
  [1m[36mQuestion Load (0.8ms)[0m  [1m[34mSELECT "questions".* FROM "questions" ORDER BY "questions"."id" DESC LIMIT $1[0m  [["LIMIT", 1]]
  ↳ app/controllers/api/v1/questions_controller.rb:5:in `index'
  [1m[36mQuestion Load (0.8ms)[0m  [1m[34mSELECT "questions".* FROM "questions" WHERE (id IN (37,48,36,42,40,35,16,19,26,28,49,47,23,3,33,50,11,39,44,10,5,1,14,38,7))[0m
  ↳ app/controllers/api/v1/questions_controller.rb:8:in `index'
  [1m[36mAnswer Load (0.8ms)[0m  [1m[34mSELECT "answers".* FROM "answers" WHERE "answers"."question_id" IN ($1, $2, $3, $4, $5, $6, $7, $8, $9, $10, $11, $12, $13, $14, $15, $16, $17, $18, $19, $20, $21, $22, $23, $24, $25)[0m  [[nil, 1], [nil, 3], [nil, 5], [nil, 7], [nil, 10], [nil, 11], [nil, 14], [nil, 16], [nil, 19], [nil, 23], [nil, 26], [nil, 28], [nil, 33], [nil, 35], [nil, 36], [nil, 37], [nil, 38], [nil, 39], [nil, 40], [nil, 42], [nil, 44], [nil, 47], [nil, 48], [nil, 49], [nil, 50]]
  ↳ app/controllers/api/v1/questions_controller.rb:8:in `index'
[active_model_serializers] Rendered ActiveModel::Serializer::CollectionSerializer with ActiveModelSerializers::Adapter::Attributes (18.24ms)
Completed 200 OK in 34ms (Views: 19.3ms | ActiveRecord: 2.4ms | Allocations: 20018)


Started GET "/api/v1/questions" for ::1 at 2021-05-06 16:08:21 +0700
Processing by Api::V1::QuestionsController#index as */*
  [1m[36mQuestion Load (4.5ms)[0m  [1m[34mSELECT "questions".* FROM "questions" ORDER BY "questions"."id" DESC LIMIT $1[0m  [["LIMIT", 1]]
  ↳ app/controllers/api/v1/questions_controller.rb:5:in `index'
  [1m[36mQuestion Load (0.6ms)[0m  [1m[34mSELECT "questions".* FROM "questions" WHERE (id IN (11,9,3,0,35,27,34,23,43,28,46,25,36,38,17,42,14,13,5,29,26,50,8,20,41))[0m
  ↳ app/controllers/api/v1/questions_controller.rb:8:in `index'
  [1m[36mAnswer Load (0.8ms)[0m  [1m[34mSELECT "answers".* FROM "answers" WHERE "answers"."question_id" IN ($1, $2, $3, $4, $5, $6, $7, $8, $9, $10, $11, $12, $13, $14, $15, $16, $17, $18, $19, $20, $21, $22, $23, $24)[0m  [[nil, 3], [nil, 5], [nil, 8], [nil, 9], [nil, 11], [nil, 13], [nil, 14], [nil, 17], [nil, 20], [nil, 23], [nil, 25], [nil, 26], [nil, 27], [nil, 28], [nil, 29], [nil, 34], [nil, 35], [nil, 36], [nil, 38], [nil, 41], [nil, 42], [nil, 43], [nil, 46], [nil, 50]]
  ↳ app/controllers/api/v1/questions_controller.rb:8:in `index'
[active_model_serializers] Rendered ActiveModel::Serializer::CollectionSerializer with ActiveModelSerializers::Adapter::Attributes (42.65ms)
Completed 200 OK in 97ms (Views: 45.3ms | ActiveRecord: 5.8ms | Allocations: 19293)


Started GET "/api/v1/questions" for ::1 at 2021-05-06 16:08:45 +0700
Processing by Api::V1::QuestionsController#index as */*
  [1m[36mQuestion Load (0.3ms)[0m  [1m[34mSELECT "questions".* FROM "questions" ORDER BY "questions"."id" DESC LIMIT $1[0m  [["LIMIT", 1]]
  ↳ app/controllers/api/v1/questions_controller.rb:5:in `index'
  [1m[36mQuestion Load (0.4ms)[0m  [1m[34mSELECT "questions".* FROM "questions" WHERE (id IN (26,34,22,27,41,15,10,1,38,14,36,9,7,23,30,0,46,40,44,45,29,18,16,28,24))[0m
  ↳ app/controllers/api/v1/questions_controller.rb:8:in `index'
  [1m[36mAnswer Load (0.5ms)[0m  [1m[34mSELECT "answers".* FROM "answers" WHERE "answers"."question_id" IN ($1, $2, $3, $4, $5, $6, $7, $8, $9, $10, $11, $12, $13, $14, $15, $16, $17, $18, $19, $20, $21, $22, $23, $24)[0m  [[nil, 1], [nil, 7], [nil, 9], [nil, 10], [nil, 14], [nil, 15], [nil, 16], [nil, 18], [nil, 22], [nil, 23], [nil, 24], [nil, 26], [nil, 27], [nil, 28], [nil, 29], [nil, 30], [nil, 34], [nil, 36], [nil, 38], [nil, 40], [nil, 41], [nil, 44], [nil, 45], [nil, 46]]
  ↳ app/controllers/api/v1/questions_controller.rb:8:in `index'
[active_model_serializers] Rendered ActiveModel::Serializer::CollectionSerializer with ActiveModelSerializers::Adapter::Attributes (46.88ms)
Completed 200 OK in 81ms (Views: 48.6ms | ActiveRecord: 7.6ms | Allocations: 27773)


Started POST "/api/v1/login" for ::1 at 2021-05-06 16:08:51 +0700
Processing by Api::V1::SessionsController#create as */*
  Parameters: {"user"=>{"email"=>"hieu.nguyen2@monstar-lab.com", "password"=>"[FILTERED]"}, "session"=>{"user"=>{"email"=>"hieu.nguyen2@monstar-lab.com", "password"=>"[FILTERED]"}}}
  [1m[36mUser Load (0.2ms)[0m  [1m[34mSELECT "users".* FROM "users" WHERE "users"."email" = $1 LIMIT $2[0m  [["email", "hieu.nguyen2@monstar-lab.com"], ["LIMIT", 1]]
  ↳ app/controllers/api/v1/sessions_controller.rb:16:in `load_user'
[active_model_serializers] Rendered ActiveModel::Serializer::Null with Hash (0.1ms)
Completed 200 OK in 284ms (Views: 0.8ms | ActiveRecord: 2.8ms | Allocations: 6256)


Started GET "/api/v1/questions" for ::1 at 2021-05-06 16:08:52 +0700
Processing by Api::V1::QuestionsController#index as */*
  [1m[36mQuestion Load (1.2ms)[0m  [1m[34mSELECT "questions".* FROM "questions" ORDER BY "questions"."id" DESC LIMIT $1[0m  [["LIMIT", 1]]
  ↳ app/controllers/api/v1/questions_controller.rb:5:in `index'
  [1m[36mQuestion Load (0.7ms)[0m  [1m[34mSELECT "questions".* FROM "questions" WHERE (id IN (27,17,36,24,37,21,4,46,44,1,10,11,3,22,47,35,48,0,28,34,43,23,19,2,42))[0m
  ↳ app/controllers/api/v1/questions_controller.rb:8:in `index'
  [1m[36mAnswer Load (0.7ms)[0m  [1m[34mSELECT "answers".* FROM "answers" WHERE "answers"."question_id" IN ($1, $2, $3, $4, $5, $6, $7, $8, $9, $10, $11, $12, $13, $14, $15, $16, $17, $18, $19, $20, $21, $22, $23, $24)[0m  [[nil, 1], [nil, 2], [nil, 3], [nil, 4], [nil, 10], [nil, 11], [nil, 17], [nil, 19], [nil, 21], [nil, 22], [nil, 23], [nil, 24], [nil, 27], [nil, 28], [nil, 34], [nil, 35], [nil, 36], [nil, 37], [nil, 42], [nil, 43], [nil, 44], [nil, 46], [nil, 47], [nil, 48]]
  ↳ app/controllers/api/v1/questions_controller.rb:8:in `index'
[active_model_serializers] Rendered ActiveModel::Serializer::CollectionSerializer with ActiveModelSerializers::Adapter::Attributes (20.78ms)
Completed 200 OK in 45ms (Views: 22.5ms | ActiveRecord: 2.6ms | Allocations: 19293)


Started GET "/api/v1/questions" for ::1 at 2021-05-06 16:08:57 +0700
Processing by Api::V1::QuestionsController#index as */*
  [1m[36mQuestion Load (0.3ms)[0m  [1m[34mSELECT "questions".* FROM "questions" ORDER BY "questions"."id" DESC LIMIT $1[0m  [["LIMIT", 1]]
  ↳ app/controllers/api/v1/questions_controller.rb:5:in `index'
  [1m[36mQuestion Load (0.6ms)[0m  [1m[34mSELECT "questions".* FROM "questions" WHERE (id IN (34,28,30,48,0,31,49,9,43,19,13,44,37,2,45,39,7,41,38,27,35,50,15,23,47))[0m
  ↳ app/controllers/api/v1/questions_controller.rb:8:in `index'
  [1m[36mAnswer Load (1.0ms)[0m  [1m[34mSELECT "answers".* FROM "answers" WHERE "answers"."question_id" IN ($1, $2, $3, $4, $5, $6, $7, $8, $9, $10, $11, $12, $13, $14, $15, $16, $17, $18, $19, $20, $21, $22, $23, $24)[0m  [[nil, 2], [nil, 7], [nil, 9], [nil, 13], [nil, 15], [nil, 19], [nil, 23], [nil, 27], [nil, 28], [nil, 30], [nil, 31], [nil, 34], [nil, 35], [nil, 37], [nil, 38], [nil, 39], [nil, 41], [nil, 43], [nil, 44], [nil, 45], [nil, 47], [nil, 48], [nil, 49], [nil, 50]]
  ↳ app/controllers/api/v1/questions_controller.rb:8:in `index'
[active_model_serializers] Rendered ActiveModel::Serializer::CollectionSerializer with ActiveModelSerializers::Adapter::Attributes (31.14ms)
Completed 200 OK in 51ms (Views: 32.2ms | ActiveRecord: 1.8ms | Allocations: 19293)


